{"D:\\intern\\employees-vatek\\src\\components\\employee\\EmployeeFormModal.tsx": {"path":"D:\\intern\\employees-vatek\\src\\components\\employee\\EmployeeFormModal.tsx","statementMap":{"0":{"start":{"line":14,"column":6},"end":{"line":135,"column":null}},"1":{"start":{"line":21,"column":16},"end":{"line":21,"column":31}},"2":{"start":{"line":22,"column":17},"end":{"line":22,"column":null}},"3":{"start":{"line":24,"column":2},"end":{"line":32,"column":null}},"4":{"start":{"line":25,"column":4},"end":{"line":31,"column":null}},"5":{"start":{"line":26,"column":6},"end":{"line":30,"column":null}},"6":{"start":{"line":27,"column":8},"end":{"line":27,"column":null}},"7":{"start":{"line":29,"column":8},"end":{"line":29,"column":null}},"8":{"start":{"line":34,"column":23},"end":{"line":42,"column":null}},"9":{"start":{"line":35,"column":4},"end":{"line":41,"column":null}},"10":{"start":{"line":36,"column":21},"end":{"line":36,"column":null}},"11":{"start":{"line":37,"column":6},"end":{"line":37,"column":null}},"12":{"start":{"line":38,"column":6},"end":{"line":38,"column":null}},"13":{"start":{"line":40,"column":6},"end":{"line":40,"column":null}},"14":{"start":{"line":44,"column":2},"end":{"line":133,"column":null}}},"fnMap":{"0":{"name":"(anonymous_0)","decl":{"start":{"line":14,"column":6},"end":{"line":14,"column":27}},"loc":{"start":{"line":20,"column":30},"end":{"line":135,"column":null}},"line":20},"1":{"name":"(anonymous_1)","decl":{"start":{"line":24,"column":2},"end":{"line":24,"column":18}},"loc":{"start":{"line":24,"column":18},"end":{"line":32,"column":5}},"line":24},"2":{"name":"(anonymous_2)","decl":{"start":{"line":34,"column":23},"end":{"line":34,"column":35}},"loc":{"start":{"line":34,"column":35},"end":{"line":42,"column":null}},"line":34}},"branchMap":{"0":{"loc":{"start":{"line":25,"column":4},"end":{"line":31,"column":null}},"type":"if","locations":[{"start":{"line":25,"column":4},"end":{"line":31,"column":null}},{"start":{},"end":{}}],"line":25},"1":{"loc":{"start":{"line":26,"column":6},"end":{"line":30,"column":null}},"type":"if","locations":[{"start":{"line":26,"column":6},"end":{"line":30,"column":null}},{"start":{"line":28,"column":13},"end":{"line":30,"column":null}}],"line":26},"2":{"loc":{"start":{"line":46,"column":13},"end":{"line":46,"column":null}},"type":"cond-expr","locations":[{"start":{"line":46,"column":31},"end":{"line":46,"column":54}},{"start":{"line":46,"column":54},"end":{"line":46,"column":null}}],"line":46},"3":{"loc":{"start":{"line":51,"column":14},"end":{"line":51,"column":null}},"type":"cond-expr","locations":[{"start":{"line":51,"column":32},"end":{"line":51,"column":52}},{"start":{"line":51,"column":52},"end":{"line":51,"column":null}}],"line":51}},"s":{"0":1,"1":6,"2":6,"3":6,"4":6,"5":5,"6":1,"7":4,"8":6,"9":2,"10":2,"11":1,"12":1,"13":1,"14":6},"f":{"0":6,"1":6,"2":2},"b":{"0":[5,1],"1":[1,4],"2":[1,5],"3":[1,5]},"meta":{"lastBranch":4,"lastFunction":3,"lastStatement":15,"seen":{"s:14:6:135:Infinity":0,"f:14:6:14:27":0,"s:21:16:21:31":1,"s:22:17:22:Infinity":2,"s:24:2:32:Infinity":3,"f:24:2:24:18":1,"b:25:4:31:Infinity:undefined:undefined:undefined:undefined":0,"s:25:4:31:Infinity":4,"b:26:6:30:Infinity:28:13:30:Infinity":1,"s:26:6:30:Infinity":5,"s:27:8:27:Infinity":6,"s:29:8:29:Infinity":7,"s:34:23:42:Infinity":8,"f:34:23:34:35":2,"s:35:4:41:Infinity":9,"s:36:21:36:Infinity":10,"s:37:6:37:Infinity":11,"s:38:6:38:Infinity":12,"s:40:6:40:Infinity":13,"s:44:2:133:Infinity":14,"b:46:31:46:54:46:54:46:Infinity":2,"b:51:32:51:52:51:52:51:Infinity":3},"fnNames":{}}}
,"D:\\intern\\employees-vatek\\src\\components\\employee\\EmployeeTable.tsx": {"path":"D:\\intern\\employees-vatek\\src\\components\\employee\\EmployeeTable.tsx","statementMap":{"0":{"start":{"line":14,"column":6},"end":{"line":120,"column":null}},"1":{"start":{"line":20,"column":16},"end":{"line":20,"column":31}},"2":{"start":{"line":22,"column":41},"end":{"line":104,"column":null}},"3":{"start":{"line":30,"column":8},"end":{"line":37,"column":null}},"4":{"start":{"line":44,"column":24},"end":{"line":44,"column":null}},"5":{"start":{"line":45,"column":32},"end":{"line":45,"column":null}},"6":{"start":{"line":57,"column":24},"end":{"line":57,"column":null}},"7":{"start":{"line":75,"column":8},"end":{"line":101,"column":null}},"8":{"start":{"line":80,"column":27},"end":{"line":80,"column":null}},"9":{"start":{"line":87,"column":29},"end":{"line":87,"column":null}},"10":{"start":{"line":106,"column":2},"end":{"line":118,"column":null}},"11":{"start":{"line":114,"column":30},"end":{"line":114,"column":null}}},"fnMap":{"0":{"name":"(anonymous_0)","decl":{"start":{"line":14,"column":6},"end":{"line":14,"column":23}},"loc":{"start":{"line":19,"column":26},"end":{"line":120,"column":null}},"line":19},"1":{"name":"(anonymous_1)","decl":{"start":{"line":29,"column":6},"end":{"line":29,"column":15}},"loc":{"start":{"line":30,"column":8},"end":{"line":37,"column":null}},"line":30},"2":{"name":"(anonymous_2)","decl":{"start":{"line":44,"column":6},"end":{"line":44,"column":15}},"loc":{"start":{"line":44,"column":24},"end":{"line":44,"column":null}},"line":44},"3":{"name":"(anonymous_3)","decl":{"start":{"line":45,"column":6},"end":{"line":45,"column":15}},"loc":{"start":{"line":45,"column":32},"end":{"line":45,"column":null}},"line":45},"4":{"name":"(anonymous_4)","decl":{"start":{"line":57,"column":6},"end":{"line":57,"column":15}},"loc":{"start":{"line":57,"column":24},"end":{"line":57,"column":null}},"line":57},"5":{"name":"(anonymous_5)","decl":{"start":{"line":74,"column":6},"end":{"line":74,"column":15}},"loc":{"start":{"line":75,"column":8},"end":{"line":101,"column":null}},"line":75},"6":{"name":"(anonymous_6)","decl":{"start":{"line":80,"column":12},"end":{"line":80,"column":27}},"loc":{"start":{"line":80,"column":27},"end":{"line":80,"column":null}},"line":80},"7":{"name":"(anonymous_7)","decl":{"start":{"line":87,"column":12},"end":{"line":87,"column":29}},"loc":{"start":{"line":87,"column":29},"end":{"line":87,"column":null}},"line":87},"8":{"name":"(anonymous_8)","decl":{"start":{"line":114,"column":8},"end":{"line":114,"column":20}},"loc":{"start":{"line":114,"column":30},"end":{"line":114,"column":null}},"line":114}},"branchMap":{"0":{"loc":{"start":{"line":31,"column":15},"end":{"line":31,"column":null}},"type":"binary-expr","locations":[{"start":{"line":31,"column":15},"end":{"line":31,"column":23}},{"start":{"line":31,"column":23},"end":{"line":31,"column":null}}],"line":31}},"s":{"0":2,"1":43,"2":43,"3":19,"4":1,"5":19,"6":1,"7":19,"8":2,"9":4,"10":43,"11":28},"f":{"0":43,"1":19,"2":1,"3":19,"4":1,"5":19,"6":2,"7":4,"8":28},"b":{"0":[19,5]},"meta":{"lastBranch":1,"lastFunction":9,"lastStatement":12,"seen":{"s:14:6:120:Infinity":0,"f:14:6:14:23":0,"s:20:16:20:31":1,"s:22:41:104:Infinity":2,"f:29:6:29:15":1,"s:30:8:37:Infinity":3,"b:31:15:31:23:31:23:31:Infinity":0,"f:44:6:44:15":2,"s:44:24:44:Infinity":4,"f:45:6:45:15":3,"s:45:32:45:Infinity":5,"f:57:6:57:15":4,"s:57:24:57:Infinity":6,"f:74:6:74:15":5,"s:75:8:101:Infinity":7,"f:80:12:80:27":6,"s:80:27:80:Infinity":8,"f:87:12:87:29":7,"s:87:29:87:Infinity":9,"s:106:2:118:Infinity":10,"f:114:8:114:20":8,"s:114:30:114:Infinity":11},"fnNames":{}}}
,"D:\\intern\\employees-vatek\\src\\components\\employee\\SearchBar.tsx": {"path":"D:\\intern\\employees-vatek\\src\\components\\employee\\SearchBar.tsx","statementMap":{"0":{"start":{"line":11,"column":6},"end":{"line":31,"column":null}},"1":{"start":{"line":12,"column":16},"end":{"line":12,"column":31}},"2":{"start":{"line":14,"column":8},"end":{"line":16,"column":null}},"3":{"start":{"line":15,"column":4},"end":{"line":15,"column":null}},"4":{"start":{"line":18,"column":2},"end":{"line":29,"column":null}}},"fnMap":{"0":{"name":"(anonymous_0)","decl":{"start":{"line":11,"column":6},"end":{"line":11,"column":19}},"loc":{"start":{"line":11,"column":59},"end":{"line":31,"column":null}},"line":11},"1":{"name":"(anonymous_1)","decl":{"start":{"line":14,"column":8},"end":{"line":14,"column":24}},"loc":{"start":{"line":14,"column":67},"end":{"line":16,"column":null}},"line":14}},"branchMap":{},"s":{"0":2,"1":41,"2":41,"3":1,"4":41},"f":{"0":41,"1":1},"b":{},"meta":{"lastBranch":0,"lastFunction":2,"lastStatement":5,"seen":{"s:11:6:31:Infinity":0,"f:11:6:11:19":0,"s:12:16:12:31":1,"s:14:8:16:Infinity":2,"f:14:8:14:24":1,"s:15:4:15:Infinity":3,"s:18:2:29:Infinity":4},"fnNames":{}}}
,"D:\\intern\\employees-vatek\\src\\components\\icon\\FacebookIcon.tsx": {"path":"D:\\intern\\employees-vatek\\src\\components\\icon\\FacebookIcon.tsx","statementMap":{"0":{"start":{"line":7,"column":13},"end":{"line":12,"column":null}},"1":{"start":{"line":8,"column":2},"end":{"line":12,"column":null}}},"fnMap":{"0":{"name":"(anonymous_0)","decl":{"start":{"line":7,"column":13},"end":{"line":7,"column":58}},"loc":{"start":{"line":8,"column":2},"end":{"line":12,"column":null}},"line":8}},"branchMap":{"0":{"loc":{"start":{"line":7,"column":60},"end":{"line":7,"column":88}},"type":"default-arg","locations":[{"start":{"line":7,"column":72},"end":{"line":7,"column":88}}],"line":7}},"s":{"0":1,"1":12},"f":{"0":12},"b":{"0":[12]},"meta":{"lastBranch":1,"lastFunction":1,"lastStatement":2,"seen":{"s:7:13:12:Infinity":0,"f:7:13:7:58":0,"s:8:2:12:Infinity":1,"b:7:72:7:88":0},"fnNames":{}}}
,"D:\\intern\\employees-vatek\\src\\components\\icon\\GoogleIcon.tsx": {"path":"D:\\intern\\employees-vatek\\src\\components\\icon\\GoogleIcon.tsx","statementMap":{"0":{"start":{"line":7,"column":13},"end":{"line":25,"column":null}},"1":{"start":{"line":8,"column":2},"end":{"line":25,"column":null}}},"fnMap":{"0":{"name":"(anonymous_0)","decl":{"start":{"line":7,"column":13},"end":{"line":7,"column":54}},"loc":{"start":{"line":8,"column":2},"end":{"line":25,"column":null}},"line":8}},"branchMap":{"0":{"loc":{"start":{"line":7,"column":56},"end":{"line":7,"column":84}},"type":"default-arg","locations":[{"start":{"line":7,"column":68},"end":{"line":7,"column":84}}],"line":7}},"s":{"0":1,"1":15},"f":{"0":15},"b":{"0":[15]},"meta":{"lastBranch":1,"lastFunction":1,"lastStatement":2,"seen":{"s:7:13:25:Infinity":0,"f:7:13:7:54":0,"s:8:2:25:Infinity":1,"b:7:68:7:84":0},"fnNames":{}}}
,"D:\\intern\\employees-vatek\\src\\components\\share\\EmployeeHeader.tsx": {"path":"D:\\intern\\employees-vatek\\src\\components\\share\\EmployeeHeader.tsx","statementMap":{"0":{"start":{"line":9,"column":6},"end":{"line":50,"column":null}},"1":{"start":{"line":10,"column":19},"end":{"line":10,"column":34}},"2":{"start":{"line":11,"column":19},"end":{"line":11,"column":31}},"3":{"start":{"line":12,"column":15},"end":{"line":12,"column":null}},"4":{"start":{"line":12,"column":41},"end":{"line":12,"column":56}},"5":{"start":{"line":13,"column":16},"end":{"line":13,"column":31}},"6":{"start":{"line":15,"column":8},"end":{"line":19,"column":null}},"7":{"start":{"line":16,"column":4},"end":{"line":16,"column":null}},"8":{"start":{"line":17,"column":4},"end":{"line":17,"column":null}},"9":{"start":{"line":18,"column":4},"end":{"line":18,"column":null}},"10":{"start":{"line":21,"column":2},"end":{"line":48,"column":null}}},"fnMap":{"0":{"name":"(anonymous_0)","decl":{"start":{"line":9,"column":6},"end":{"line":9,"column":29}},"loc":{"start":{"line":9,"column":29},"end":{"line":50,"column":null}},"line":9},"1":{"name":"(anonymous_1)","decl":{"start":{"line":12,"column":15},"end":{"line":12,"column":31}},"loc":{"start":{"line":12,"column":41},"end":{"line":12,"column":56}},"line":12},"2":{"name":"(anonymous_2)","decl":{"start":{"line":15,"column":8},"end":{"line":15,"column":29}},"loc":{"start":{"line":15,"column":29},"end":{"line":19,"column":null}},"line":15}},"branchMap":{"0":{"loc":{"start":{"line":35,"column":13},"end":{"line":35,"column":null}},"type":"binary-expr","locations":[{"start":{"line":35,"column":13},"end":{"line":35,"column":27}},{"start":{"line":35,"column":27},"end":{"line":35,"column":null}}],"line":35}},"s":{"0":2,"1":43,"2":43,"3":43,"4":65,"5":43,"6":43,"7":1,"8":1,"9":1,"10":43},"f":{"0":43,"1":65,"2":1},"b":{"0":[43,41]},"meta":{"lastBranch":1,"lastFunction":3,"lastStatement":11,"seen":{"s:9:6:50:Infinity":0,"f:9:6:9:29":0,"s:10:19:10:34":1,"s:11:19:11:31":2,"s:12:15:12:Infinity":3,"f:12:15:12:31":1,"s:12:41:12:56":4,"s:13:16:13:31":5,"s:15:8:19:Infinity":6,"f:15:8:15:29":2,"s:16:4:16:Infinity":7,"s:17:4:17:Infinity":8,"s:18:4:18:Infinity":9,"s:21:2:48:Infinity":10,"b:35:13:35:27:35:27:35:Infinity":0},"fnNames":{}}}
,"D:\\intern\\employees-vatek\\src\\components\\share\\LanguageSwitcher.tsx": {"path":"D:\\intern\\employees-vatek\\src\\components\\share\\LanguageSwitcher.tsx","statementMap":{"0":{"start":{"line":10,"column":6},"end":{"line":34,"column":null}},"1":{"start":{"line":11,"column":19},"end":{"line":11,"column":34}},"2":{"start":{"line":13,"column":8},"end":{"line":15,"column":null}},"3":{"start":{"line":14,"column":4},"end":{"line":14,"column":null}},"4":{"start":{"line":17,"column":2},"end":{"line":32,"column":null}}},"fnMap":{"0":{"name":"(anonymous_0)","decl":{"start":{"line":10,"column":6},"end":{"line":10,"column":26}},"loc":{"start":{"line":10,"column":88},"end":{"line":34,"column":null}},"line":10},"1":{"name":"(anonymous_1)","decl":{"start":{"line":13,"column":8},"end":{"line":13,"column":26}},"loc":{"start":{"line":13,"column":44},"end":{"line":15,"column":null}},"line":13}},"branchMap":{"0":{"loc":{"start":{"line":10,"column":28},"end":{"line":10,"column":44}},"type":"default-arg","locations":[{"start":{"line":10,"column":40},"end":{"line":10,"column":44}}],"line":10},"1":{"loc":{"start":{"line":10,"column":44},"end":{"line":10,"column":88}},"type":"default-arg","locations":[{"start":{"line":10,"column":51},"end":{"line":10,"column":88}}],"line":10},"2":{"loc":{"start":{"line":21,"column":15},"end":{"line":21,"column":null}},"type":"cond-expr","locations":[{"start":{"line":21,"column":48},"end":{"line":21,"column":55}},{"start":{"line":21,"column":55},"end":{"line":21,"column":null}}],"line":21}},"s":{"0":4,"1":61,"2":61,"3":1,"4":61},"f":{"0":61,"1":1},"b":{"0":[61],"1":[61],"2":[60,1]},"meta":{"lastBranch":3,"lastFunction":2,"lastStatement":5,"seen":{"s:10:6:34:Infinity":0,"f:10:6:10:26":0,"b:10:40:10:44":0,"b:10:51:10:88":1,"s:11:19:11:34":1,"s:13:8:15:Infinity":2,"f:13:8:13:26":1,"s:14:4:14:Infinity":3,"s:17:2:32:Infinity":4,"b:21:48:21:55:21:55:21:Infinity":2},"fnNames":{}}}
,"D:\\intern\\employees-vatek\\src\\pages\\EmployeePage.tsx": {"path":"D:\\intern\\employees-vatek\\src\\pages\\EmployeePage.tsx","statementMap":{"0":{"start":{"line":20,"column":6},"end":{"line":161,"column":null}},"1":{"start":{"line":21,"column":16},"end":{"line":21,"column":31}},"2":{"start":{"line":22,"column":19},"end":{"line":22,"column":34}},"3":{"start":{"line":23,"column":24},"end":{"line":23,"column":null}},"4":{"start":{"line":23,"column":50},"end":{"line":23,"column":64}},"5":{"start":{"line":25,"column":40},"end":{"line":25,"column":null}},"6":{"start":{"line":26,"column":32},"end":{"line":26,"column":null}},"7":{"start":{"line":27,"column":36},"end":{"line":27,"column":null}},"8":{"start":{"line":28,"column":48},"end":{"line":28,"column":null}},"9":{"start":{"line":29,"column":40},"end":{"line":29,"column":null}},"10":{"start":{"line":31,"column":2},"end":{"line":45,"column":null}},"11":{"start":{"line":32,"column":27},"end":{"line":42,"column":null}},"12":{"start":{"line":33,"column":6},"end":{"line":33,"column":null}},"13":{"start":{"line":34,"column":6},"end":{"line":41,"column":null}},"14":{"start":{"line":35,"column":21},"end":{"line":35,"column":null}},"15":{"start":{"line":36,"column":8},"end":{"line":36,"column":null}},"16":{"start":{"line":38,"column":8},"end":{"line":38,"column":null}},"17":{"start":{"line":40,"column":8},"end":{"line":40,"column":null}},"18":{"start":{"line":44,"column":4},"end":{"line":44,"column":null}},"19":{"start":{"line":48,"column":2},"end":{"line":64,"column":null}},"20":{"start":{"line":49,"column":10},"end":{"line":57,"column":null}},"21":{"start":{"line":50,"column":6},"end":{"line":56,"column":null}},"22":{"start":{"line":51,"column":8},"end":{"line":51,"column":null}},"23":{"start":{"line":52,"column":13},"end":{"line":56,"column":null}},"24":{"start":{"line":53,"column":8},"end":{"line":53,"column":null}},"25":{"start":{"line":54,"column":13},"end":{"line":56,"column":null}},"26":{"start":{"line":55,"column":8},"end":{"line":55,"column":null}},"27":{"start":{"line":59,"column":4},"end":{"line":59,"column":null}},"28":{"start":{"line":61,"column":4},"end":{"line":63,"column":null}},"29":{"start":{"line":62,"column":6},"end":{"line":62,"column":null}},"30":{"start":{"line":66,"column":23},"end":{"line":75,"column":null}},"31":{"start":{"line":67,"column":4},"end":{"line":74,"column":null}},"32":{"start":{"line":68,"column":6},"end":{"line":68,"column":null}},"33":{"start":{"line":69,"column":6},"end":{"line":69,"column":null}},"34":{"start":{"line":70,"column":6},"end":{"line":70,"column":null}},"35":{"start":{"line":71,"column":6},"end":{"line":71,"column":null}},"36":{"start":{"line":73,"column":6},"end":{"line":73,"column":null}},"37":{"start":{"line":77,"column":8},"end":{"line":80,"column":null}},"38":{"start":{"line":78,"column":4},"end":{"line":78,"column":null}},"39":{"start":{"line":79,"column":4},"end":{"line":79,"column":null}},"40":{"start":{"line":82,"column":8},"end":{"line":85,"column":null}},"41":{"start":{"line":83,"column":4},"end":{"line":83,"column":null}},"42":{"start":{"line":84,"column":4},"end":{"line":84,"column":null}},"43":{"start":{"line":87,"column":21},"end":{"line":111,"column":null}},"44":{"start":{"line":88,"column":4},"end":{"line":88,"column":null}},"45":{"start":{"line":89,"column":4},"end":{"line":110,"column":null}},"46":{"start":{"line":90,"column":6},"end":{"line":103,"column":null}},"47":{"start":{"line":91,"column":24},"end":{"line":94,"column":null}},"48":{"start":{"line":95,"column":8},"end":{"line":95,"column":null}},"49":{"start":{"line":96,"column":8},"end":{"line":96,"column":null}},"50":{"start":{"line":97,"column":8},"end":{"line":97,"column":null}},"51":{"start":{"line":99,"column":24},"end":{"line":99,"column":null}},"52":{"start":{"line":100,"column":8},"end":{"line":100,"column":null}},"53":{"start":{"line":101,"column":8},"end":{"line":101,"column":null}},"54":{"start":{"line":102,"column":8},"end":{"line":102,"column":null}},"55":{"start":{"line":104,"column":6},"end":{"line":104,"column":null}},"56":{"start":{"line":105,"column":6},"end":{"line":105,"column":null}},"57":{"start":{"line":107,"column":6},"end":{"line":107,"column":null}},"58":{"start":{"line":109,"column":6},"end":{"line":109,"column":null}},"59":{"start":{"line":113,"column":28},"end":{"line":115,"column":null}},"60":{"start":{"line":114,"column":4},"end":{"line":114,"column":null}},"61":{"start":{"line":117,"column":2},"end":{"line":159,"column":null}},"62":{"start":{"line":154,"column":10},"end":{"line":154,"column":null}},"63":{"start":{"line":155,"column":10},"end":{"line":155,"column":null}}},"fnMap":{"0":{"name":"(anonymous_0)","decl":{"start":{"line":20,"column":6},"end":{"line":20,"column":27}},"loc":{"start":{"line":20,"column":27},"end":{"line":161,"column":null}},"line":20},"1":{"name":"(anonymous_1)","decl":{"start":{"line":23,"column":24},"end":{"line":23,"column":40}},"loc":{"start":{"line":23,"column":50},"end":{"line":23,"column":64}},"line":23},"2":{"name":"(anonymous_2)","decl":{"start":{"line":31,"column":2},"end":{"line":31,"column":18}},"loc":{"start":{"line":31,"column":18},"end":{"line":45,"column":5}},"line":31},"3":{"name":"(anonymous_3)","decl":{"start":{"line":32,"column":27},"end":{"line":32,"column":39}},"loc":{"start":{"line":32,"column":39},"end":{"line":42,"column":null}},"line":32},"4":{"name":"(anonymous_4)","decl":{"start":{"line":48,"column":2},"end":{"line":48,"column":18}},"loc":{"start":{"line":48,"column":18},"end":{"line":64,"column":5}},"line":48},"5":{"name":"(anonymous_5)","decl":{"start":{"line":49,"column":10},"end":{"line":49,"column":32}},"loc":{"start":{"line":49,"column":73},"end":{"line":57,"column":null}},"line":49},"6":{"name":"(anonymous_6)","decl":{"start":{"line":61,"column":4},"end":{"line":61,"column":17}},"loc":{"start":{"line":61,"column":17},"end":{"line":63,"column":null}},"line":61},"7":{"name":"(anonymous_7)","decl":{"start":{"line":66,"column":23},"end":{"line":66,"column":30}},"loc":{"start":{"line":66,"column":45},"end":{"line":75,"column":null}},"line":66},"8":{"name":"(anonymous_8)","decl":{"start":{"line":77,"column":8},"end":{"line":77,"column":27}},"loc":{"start":{"line":77,"column":50},"end":{"line":80,"column":null}},"line":77},"9":{"name":"(anonymous_9)","decl":{"start":{"line":82,"column":8},"end":{"line":82,"column":31}},"loc":{"start":{"line":82,"column":31},"end":{"line":85,"column":null}},"line":82},"10":{"name":"(anonymous_10)","decl":{"start":{"line":87,"column":21},"end":{"line":87,"column":28}},"loc":{"start":{"line":87,"column":61},"end":{"line":111,"column":null}},"line":87},"11":{"name":"(anonymous_11)","decl":{"start":{"line":113,"column":38},"end":{"line":113,"column":46}},"loc":{"start":{"line":114,"column":4},"end":{"line":114,"column":null}},"line":114},"12":{"name":"(anonymous_12)","decl":{"start":{"line":153,"column":8},"end":{"line":153,"column":24}},"loc":{"start":{"line":153,"column":24},"end":{"line":156,"column":null}},"line":153}},"branchMap":{"0":{"loc":{"start":{"line":38,"column":22},"end":{"line":38,"column":63}},"type":"binary-expr","locations":[{"start":{"line":38,"column":22},"end":{"line":38,"column":37}},{"start":{"line":38,"column":37},"end":{"line":38,"column":63}}],"line":38},"1":{"loc":{"start":{"line":50,"column":6},"end":{"line":56,"column":null}},"type":"if","locations":[{"start":{"line":50,"column":6},"end":{"line":56,"column":null}},{"start":{"line":52,"column":13},"end":{"line":56,"column":null}}],"line":50},"2":{"loc":{"start":{"line":52,"column":13},"end":{"line":56,"column":null}},"type":"if","locations":[{"start":{"line":52,"column":13},"end":{"line":56,"column":null}},{"start":{"line":54,"column":13},"end":{"line":56,"column":null}}],"line":52},"3":{"loc":{"start":{"line":54,"column":13},"end":{"line":56,"column":null}},"type":"if","locations":[{"start":{"line":54,"column":13},"end":{"line":56,"column":null}},{"start":{},"end":{}}],"line":54},"4":{"loc":{"start":{"line":73,"column":20},"end":{"line":73,"column":62}},"type":"binary-expr","locations":[{"start":{"line":73,"column":20},"end":{"line":73,"column":35}},{"start":{"line":73,"column":35},"end":{"line":73,"column":62}}],"line":73},"5":{"loc":{"start":{"line":90,"column":6},"end":{"line":103,"column":null}},"type":"if","locations":[{"start":{"line":90,"column":6},"end":{"line":103,"column":null}},{"start":{"line":98,"column":13},"end":{"line":103,"column":null}}],"line":90},"6":{"loc":{"start":{"line":107,"column":20},"end":{"line":107,"column":60}},"type":"binary-expr","locations":[{"start":{"line":107,"column":20},"end":{"line":107,"column":35}},{"start":{"line":107,"column":35},"end":{"line":107,"column":60}}],"line":107}},"s":{"0":1,"1":39,"2":39,"3":39,"4":57,"5":39,"6":39,"7":39,"8":39,"9":39,"10":39,"11":7,"12":7,"13":7,"14":7,"15":5,"16":2,"17":7,"18":7,"19":39,"20":7,"21":3,"22":1,"23":2,"24":1,"25":1,"26":1,"27":7,"28":7,"29":7,"30":39,"31":3,"32":3,"33":1,"34":1,"35":1,"36":2,"37":39,"38":1,"39":1,"40":39,"41":2,"42":2,"43":39,"44":5,"45":5,"46":5,"47":2,"48":1,"49":1,"50":1,"51":3,"52":1,"53":1,"54":1,"55":2,"56":2,"57":3,"58":5,"59":39,"60":12,"61":39,"62":1,"63":1},"f":{"0":39,"1":57,"2":7,"3":7,"4":7,"5":3,"6":7,"7":3,"8":1,"9":2,"10":5,"11":12,"12":1},"b":{"0":[2,1],"1":[1,2],"2":[1,1],"3":[1,0],"4":[2,1],"5":[2,3],"6":[3,1]},"meta":{"lastBranch":7,"lastFunction":13,"lastStatement":64,"seen":{"s:20:6:161:Infinity":0,"f:20:6:20:27":0,"s:21:16:21:31":1,"s:22:19:22:34":2,"s:23:24:23:Infinity":3,"f:23:24:23:40":1,"s:23:50:23:64":4,"s:25:40:25:Infinity":5,"s:26:32:26:Infinity":6,"s:27:36:27:Infinity":7,"s:28:48:28:Infinity":8,"s:29:40:29:Infinity":9,"s:31:2:45:Infinity":10,"f:31:2:31:18":2,"s:32:27:42:Infinity":11,"f:32:27:32:39":3,"s:33:6:33:Infinity":12,"s:34:6:41:Infinity":13,"s:35:21:35:Infinity":14,"s:36:8:36:Infinity":15,"s:38:8:38:Infinity":16,"b:38:22:38:37:38:37:38:63":0,"s:40:8:40:Infinity":17,"s:44:4:44:Infinity":18,"s:48:2:64:Infinity":19,"f:48:2:48:18":4,"s:49:10:57:Infinity":20,"f:49:10:49:32":5,"b:50:6:56:Infinity:52:13:56:Infinity":1,"s:50:6:56:Infinity":21,"s:51:8:51:Infinity":22,"b:52:13:56:Infinity:54:13:56:Infinity":2,"s:52:13:56:Infinity":23,"s:53:8:53:Infinity":24,"b:54:13:56:Infinity:undefined:undefined:undefined:undefined":3,"s:54:13:56:Infinity":25,"s:55:8:55:Infinity":26,"s:59:4:59:Infinity":27,"s:61:4:63:Infinity":28,"f:61:4:61:17":6,"s:62:6:62:Infinity":29,"s:66:23:75:Infinity":30,"f:66:23:66:30":7,"s:67:4:74:Infinity":31,"s:68:6:68:Infinity":32,"s:69:6:69:Infinity":33,"s:70:6:70:Infinity":34,"s:71:6:71:Infinity":35,"s:73:6:73:Infinity":36,"b:73:20:73:35:73:35:73:62":4,"s:77:8:80:Infinity":37,"f:77:8:77:27":8,"s:78:4:78:Infinity":38,"s:79:4:79:Infinity":39,"s:82:8:85:Infinity":40,"f:82:8:82:31":9,"s:83:4:83:Infinity":41,"s:84:4:84:Infinity":42,"s:87:21:111:Infinity":43,"f:87:21:87:28":10,"s:88:4:88:Infinity":44,"s:89:4:110:Infinity":45,"b:90:6:103:Infinity:98:13:103:Infinity":5,"s:90:6:103:Infinity":46,"s:91:24:94:Infinity":47,"s:95:8:95:Infinity":48,"s:96:8:96:Infinity":49,"s:97:8:97:Infinity":50,"s:99:24:99:Infinity":51,"s:100:8:100:Infinity":52,"s:101:8:101:Infinity":53,"s:102:8:102:Infinity":54,"s:104:6:104:Infinity":55,"s:105:6:105:Infinity":56,"s:107:6:107:Infinity":57,"b:107:20:107:35:107:35:107:60":6,"s:109:6:109:Infinity":58,"s:113:28:115:Infinity":59,"f:113:38:113:46":11,"s:114:4:114:Infinity":60,"s:117:2:159:Infinity":61,"f:153:8:153:24":12,"s:154:10:154:Infinity":62,"s:155:10:155:Infinity":63},"fnNames":{}}}
,"D:\\intern\\employees-vatek\\src\\pages\\LoginPage.tsx": {"path":"D:\\intern\\employees-vatek\\src\\pages\\LoginPage.tsx","statementMap":{"0":{"start":{"line":15,"column":33},"end":{"line":16,"column":null}},"1":{"start":{"line":18,"column":6},"end":{"line":167,"column":null}},"2":{"start":{"line":19,"column":16},"end":{"line":19,"column":31}},"3":{"start":{"line":20,"column":32},"end":{"line":20,"column":null}},"4":{"start":{"line":21,"column":36},"end":{"line":21,"column":null}},"5":{"start":{"line":22,"column":19},"end":{"line":22,"column":34}},"6":{"start":{"line":23,"column":19},"end":{"line":23,"column":31}},"7":{"start":{"line":24,"column":54},"end":{"line":24,"column":69}},"8":{"start":{"line":25,"column":16},"end":{"line":25,"column":null}},"9":{"start":{"line":27,"column":19},"end":{"line":39,"column":null}},"10":{"start":{"line":28,"column":4},"end":{"line":28,"column":null}},"11":{"start":{"line":29,"column":4},"end":{"line":38,"column":null}},"12":{"start":{"line":30,"column":19},"end":{"line":30,"column":null}},"13":{"start":{"line":31,"column":6},"end":{"line":31,"column":null}},"14":{"start":{"line":32,"column":6},"end":{"line":32,"column":null}},"15":{"start":{"line":33,"column":6},"end":{"line":33,"column":null}},"16":{"start":{"line":35,"column":6},"end":{"line":35,"column":null}},"17":{"start":{"line":37,"column":6},"end":{"line":37,"column":null}},"18":{"start":{"line":41,"column":32},"end":{"line":57,"column":null}},"19":{"start":{"line":42,"column":4},"end":{"line":42,"column":null}},"20":{"start":{"line":43,"column":4},"end":{"line":56,"column":null}},"21":{"start":{"line":44,"column":20},"end":{"line":44,"column":null}},"22":{"start":{"line":45,"column":19},"end":{"line":49,"column":null}},"23":{"start":{"line":50,"column":6},"end":{"line":50,"column":null}},"24":{"start":{"line":51,"column":6},"end":{"line":51,"column":null}},"25":{"start":{"line":53,"column":6},"end":{"line":53,"column":null}},"26":{"start":{"line":55,"column":6},"end":{"line":55,"column":null}},"27":{"start":{"line":59,"column":2},"end":{"line":165,"column":null}},"28":{"start":{"line":136,"column":27},"end":{"line":136,"column":null}},"29":{"start":{"line":148,"column":14},"end":{"line":148,"column":null}},"30":{"start":{"line":151,"column":14},"end":{"line":160,"column":null}}},"fnMap":{"0":{"name":"(anonymous_0)","decl":{"start":{"line":18,"column":6},"end":{"line":18,"column":24}},"loc":{"start":{"line":18,"column":24},"end":{"line":167,"column":null}},"line":18},"1":{"name":"(anonymous_1)","decl":{"start":{"line":27,"column":19},"end":{"line":27,"column":26}},"loc":{"start":{"line":27,"column":42},"end":{"line":39,"column":null}},"line":27},"2":{"name":"(anonymous_2)","decl":{"start":{"line":41,"column":32},"end":{"line":41,"column":39}},"loc":{"start":{"line":41,"column":56},"end":{"line":57,"column":null}},"line":41},"3":{"name":"(anonymous_3)","decl":{"start":{"line":136,"column":12},"end":{"line":136,"column":27}},"loc":{"start":{"line":136,"column":27},"end":{"line":136,"column":null}},"line":136},"4":{"name":"(anonymous_4)","decl":{"start":{"line":147,"column":12},"end":{"line":147,"column":21}},"loc":{"start":{"line":147,"column":31},"end":{"line":149,"column":null}},"line":147},"5":{"name":"(anonymous_5)","decl":{"start":{"line":150,"column":12},"end":{"line":150,"column":21}},"loc":{"start":{"line":151,"column":14},"end":{"line":160,"column":null}},"line":151}},"branchMap":{"0":{"loc":{"start":{"line":15,"column":33},"end":{"line":16,"column":null}},"type":"binary-expr","locations":[{"start":{"line":15,"column":33},"end":{"line":15,"column":null}},{"start":{"line":16,"column":2},"end":{"line":16,"column":null}}],"line":15},"1":{"loc":{"start":{"line":25,"column":16},"end":{"line":25,"column":null}},"type":"binary-expr","locations":[{"start":{"line":25,"column":16},"end":{"line":25,"column":56}},{"start":{"line":25,"column":56},"end":{"line":25,"column":null}}],"line":25},"2":{"loc":{"start":{"line":35,"column":20},"end":{"line":35,"column":52}},"type":"binary-expr","locations":[{"start":{"line":35,"column":20},"end":{"line":35,"column":35}},{"start":{"line":35,"column":35},"end":{"line":35,"column":52}}],"line":35},"3":{"loc":{"start":{"line":46,"column":14},"end":{"line":46,"column":null}},"type":"binary-expr","locations":[{"start":{"line":46,"column":14},"end":{"line":46,"column":30}},{"start":{"line":46,"column":30},"end":{"line":46,"column":null}}],"line":46},"4":{"loc":{"start":{"line":113,"column":24},"end":{"line":113,"column":null}},"type":"binary-expr","locations":[{"start":{"line":113,"column":24},"end":{"line":113,"column":41}},{"start":{"line":113,"column":41},"end":{"line":113,"column":null}}],"line":113},"5":{"loc":{"start":{"line":138,"column":22},"end":{"line":138,"column":null}},"type":"binary-expr","locations":[{"start":{"line":138,"column":22},"end":{"line":138,"column":33}},{"start":{"line":138,"column":33},"end":{"line":138,"column":null}}],"line":138},"6":{"loc":{"start":{"line":156,"column":26},"end":{"line":156,"column":null}},"type":"binary-expr","locations":[{"start":{"line":156,"column":26},"end":{"line":156,"column":37}},{"start":{"line":156,"column":37},"end":{"line":156,"column":null}}],"line":156}},"s":{"0":1,"1":1,"2":18,"3":18,"4":18,"5":18,"6":18,"7":18,"8":18,"9":18,"10":3,"11":3,"12":3,"13":1,"14":1,"15":1,"16":2,"17":3,"18":18,"19":3,"20":3,"21":3,"22":3,"23":2,"24":2,"25":1,"26":3,"27":18,"28":1,"29":1,"30":15},"f":{"0":18,"1":3,"2":3,"3":1,"4":1,"5":15},"b":{"0":[1,1],"1":[18,0],"2":[2,1],"3":[3,1],"4":[18,18],"5":[18,18],"6":[15,15]},"meta":{"lastBranch":7,"lastFunction":6,"lastStatement":31,"seen":{"s:15:33:16:Infinity":0,"b:15:33:15:Infinity:16:2:16:Infinity":0,"s:18:6:167:Infinity":1,"f:18:6:18:24":0,"s:19:16:19:31":2,"s:20:32:20:Infinity":3,"s:21:36:21:Infinity":4,"s:22:19:22:34":5,"s:23:19:23:31":6,"s:24:54:24:69":7,"s:25:16:25:Infinity":8,"b:25:16:25:56:25:56:25:Infinity":1,"s:27:19:39:Infinity":9,"f:27:19:27:26":1,"s:28:4:28:Infinity":10,"s:29:4:38:Infinity":11,"s:30:19:30:Infinity":12,"s:31:6:31:Infinity":13,"s:32:6:32:Infinity":14,"s:33:6:33:Infinity":15,"s:35:6:35:Infinity":16,"b:35:20:35:35:35:35:35:52":2,"s:37:6:37:Infinity":17,"s:41:32:57:Infinity":18,"f:41:32:41:39":2,"s:42:4:42:Infinity":19,"s:43:4:56:Infinity":20,"s:44:20:44:Infinity":21,"s:45:19:49:Infinity":22,"b:46:14:46:30:46:30:46:Infinity":3,"s:50:6:50:Infinity":23,"s:51:6:51:Infinity":24,"s:53:6:53:Infinity":25,"s:55:6:55:Infinity":26,"s:59:2:165:Infinity":27,"b:113:24:113:41:113:41:113:Infinity":4,"f:136:12:136:27":3,"s:136:27:136:Infinity":28,"b:138:22:138:33:138:33:138:Infinity":5,"f:147:12:147:21":4,"s:148:14:148:Infinity":29,"f:150:12:150:21":5,"s:151:14:160:Infinity":30,"b:156:26:156:37:156:37:156:Infinity":6},"fnNames":{}}}
,"D:\\intern\\employees-vatek\\src\\routes\\ProtectedRoute.tsx": {"path":"D:\\intern\\employees-vatek\\src\\routes\\ProtectedRoute.tsx","statementMap":{"0":{"start":{"line":9,"column":6},"end":{"line":17,"column":null}},"1":{"start":{"line":10,"column":26},"end":{"line":10,"column":null}},"2":{"start":{"line":10,"column":52},"end":{"line":10,"column":78}},"3":{"start":{"line":12,"column":2},"end":{"line":14,"column":null}},"4":{"start":{"line":13,"column":4},"end":{"line":13,"column":null}},"5":{"start":{"line":16,"column":2},"end":{"line":16,"column":null}}},"fnMap":{"0":{"name":"(anonymous_0)","decl":{"start":{"line":9,"column":6},"end":{"line":9,"column":24}},"loc":{"start":{"line":9,"column":62},"end":{"line":17,"column":null}},"line":9},"1":{"name":"(anonymous_1)","decl":{"start":{"line":10,"column":26},"end":{"line":10,"column":42}},"loc":{"start":{"line":10,"column":52},"end":{"line":10,"column":78}},"line":10}},"branchMap":{"0":{"loc":{"start":{"line":12,"column":2},"end":{"line":14,"column":null}},"type":"if","locations":[{"start":{"line":12,"column":2},"end":{"line":14,"column":null}},{"start":{},"end":{}}],"line":12}},"s":{"0":1,"1":2,"2":4,"3":2,"4":1,"5":1},"f":{"0":2,"1":4},"b":{"0":[1,1]},"meta":{"lastBranch":1,"lastFunction":2,"lastStatement":6,"seen":{"s:9:6:17:Infinity":0,"f:9:6:9:24":0,"s:10:26:10:Infinity":1,"f:10:26:10:42":1,"s:10:52:10:78":2,"b:12:2:14:Infinity:undefined:undefined:undefined:undefined":0,"s:12:2:14:Infinity":3,"s:13:4:13:Infinity":4,"s:16:2:16:Infinity":5},"fnNames":{}}}
,"D:\\intern\\employees-vatek\\src\\services\\authService.ts": {"path":"D:\\intern\\employees-vatek\\src\\services\\authService.ts","statementMap":{"0":{"start":{"line":4,"column":27},"end":{"line":42,"column":null}},"1":{"start":{"line":6,"column":21},"end":{"line":8,"column":null}},"2":{"start":{"line":9,"column":4},"end":{"line":11,"column":null}},"3":{"start":{"line":10,"column":6},"end":{"line":10,"column":null}},"4":{"start":{"line":12,"column":4},"end":{"line":12,"column":null}},"5":{"start":{"line":15,"column":21},"end":{"line":17,"column":null}},"6":{"start":{"line":18,"column":4},"end":{"line":20,"column":null}},"7":{"start":{"line":19,"column":6},"end":{"line":19,"column":null}},"8":{"start":{"line":21,"column":27},"end":{"line":25,"column":null}},"9":{"start":{"line":26,"column":4},"end":{"line":26,"column":null}},"10":{"start":{"line":29,"column":21},"end":{"line":31,"column":null}},"11":{"start":{"line":32,"column":4},"end":{"line":34,"column":null}},"12":{"start":{"line":33,"column":6},"end":{"line":33,"column":null}},"13":{"start":{"line":35,"column":27},"end":{"line":39,"column":null}},"14":{"start":{"line":40,"column":4},"end":{"line":40,"column":null}}},"fnMap":{"0":{"name":"(anonymous_0)","decl":{"start":{"line":5,"column":9},"end":{"line":5,"column":16}},"loc":{"start":{"line":5,"column":67},"end":{"line":13,"column":null}},"line":5},"1":{"name":"(anonymous_1)","decl":{"start":{"line":14,"column":19},"end":{"line":14,"column":26}},"loc":{"start":{"line":14,"column":107},"end":{"line":27,"column":null}},"line":14},"2":{"name":"(anonymous_2)","decl":{"start":{"line":28,"column":21},"end":{"line":28,"column":28}},"loc":{"start":{"line":28,"column":105},"end":{"line":41,"column":null}},"line":28}},"branchMap":{"0":{"loc":{"start":{"line":9,"column":4},"end":{"line":11,"column":null}},"type":"if","locations":[{"start":{"line":9,"column":4},"end":{"line":11,"column":null}},{"start":{},"end":{}}],"line":9},"1":{"loc":{"start":{"line":9,"column":8},"end":{"line":9,"column":51}},"type":"binary-expr","locations":[{"start":{"line":9,"column":8},"end":{"line":9,"column":25}},{"start":{"line":9,"column":25},"end":{"line":9,"column":51}}],"line":9},"2":{"loc":{"start":{"line":18,"column":4},"end":{"line":20,"column":null}},"type":"if","locations":[{"start":{"line":18,"column":4},"end":{"line":20,"column":null}},{"start":{},"end":{}}],"line":18},"3":{"loc":{"start":{"line":18,"column":8},"end":{"line":18,"column":51}},"type":"binary-expr","locations":[{"start":{"line":18,"column":8},"end":{"line":18,"column":25}},{"start":{"line":18,"column":25},"end":{"line":18,"column":51}}],"line":18},"4":{"loc":{"start":{"line":32,"column":4},"end":{"line":34,"column":null}},"type":"if","locations":[{"start":{"line":32,"column":4},"end":{"line":34,"column":null}},{"start":{},"end":{}}],"line":32},"5":{"loc":{"start":{"line":32,"column":8},"end":{"line":32,"column":51}},"type":"binary-expr","locations":[{"start":{"line":32,"column":8},"end":{"line":32,"column":25}},{"start":{"line":32,"column":25},"end":{"line":32,"column":51}}],"line":32}},"s":{"0":1,"1":2,"2":2,"3":1,"4":1,"5":2,"6":2,"7":1,"8":1,"9":1,"10":2,"11":2,"12":1,"13":1,"14":1},"f":{"0":2,"1":2,"2":2},"b":{"0":[1,1],"1":[2,2],"2":[1,1],"3":[2,2],"4":[1,1],"5":[2,2]},"meta":{"lastBranch":6,"lastFunction":3,"lastStatement":15,"seen":{"s:4:27:42:Infinity":0,"f:5:9:5:16":0,"s:6:21:8:Infinity":1,"b:9:4:11:Infinity:undefined:undefined:undefined:undefined":0,"s:9:4:11:Infinity":2,"b:9:8:9:25:9:25:9:51":1,"s:10:6:10:Infinity":3,"s:12:4:12:Infinity":4,"f:14:19:14:26":1,"s:15:21:17:Infinity":5,"b:18:4:20:Infinity:undefined:undefined:undefined:undefined":2,"s:18:4:20:Infinity":6,"b:18:8:18:25:18:25:18:51":3,"s:19:6:19:Infinity":7,"s:21:27:25:Infinity":8,"s:26:4:26:Infinity":9,"f:28:21:28:28":2,"s:29:21:31:Infinity":10,"b:32:4:34:Infinity:undefined:undefined:undefined:undefined":4,"s:32:4:34:Infinity":11,"b:32:8:32:25:32:25:32:51":5,"s:33:6:33:Infinity":12,"s:35:27:39:Infinity":13,"s:40:4:40:Infinity":14},"fnNames":{}}}
,"D:\\intern\\employees-vatek\\src\\services\\employeeService.ts": {"path":"D:\\intern\\employees-vatek\\src\\services\\employeeService.ts","statementMap":{"0":{"start":{"line":4,"column":31},"end":{"line":20,"column":null}},"1":{"start":{"line":6,"column":21},"end":{"line":6,"column":null}},"2":{"start":{"line":7,"column":4},"end":{"line":7,"column":null}},"3":{"start":{"line":10,"column":21},"end":{"line":10,"column":null}},"4":{"start":{"line":11,"column":4},"end":{"line":11,"column":null}},"5":{"start":{"line":14,"column":21},"end":{"line":14,"column":null}},"6":{"start":{"line":15,"column":4},"end":{"line":15,"column":null}},"7":{"start":{"line":18,"column":4},"end":{"line":18,"column":null}}},"fnMap":{"0":{"name":"(anonymous_0)","decl":{"start":{"line":5,"column":10},"end":{"line":5,"column":43}},"loc":{"start":{"line":5,"column":43},"end":{"line":8,"column":null}},"line":5},"1":{"name":"(anonymous_1)","decl":{"start":{"line":9,"column":10},"end":{"line":9,"column":17}},"loc":{"start":{"line":9,"column":71},"end":{"line":12,"column":null}},"line":9},"2":{"name":"(anonymous_2)","decl":{"start":{"line":13,"column":10},"end":{"line":13,"column":17}},"loc":{"start":{"line":13,"column":83},"end":{"line":16,"column":null}},"line":13},"3":{"name":"(anonymous_3)","decl":{"start":{"line":17,"column":10},"end":{"line":17,"column":17}},"loc":{"start":{"line":17,"column":47},"end":{"line":19,"column":null}},"line":17}},"branchMap":{},"s":{"0":1,"1":1,"2":1,"3":1,"4":1,"5":1,"6":1,"7":1},"f":{"0":1,"1":1,"2":1,"3":1},"b":{},"meta":{"lastBranch":0,"lastFunction":4,"lastStatement":8,"seen":{"s:4:31:20:Infinity":0,"f:5:10:5:43":0,"s:6:21:6:Infinity":1,"s:7:4:7:Infinity":2,"f:9:10:9:17":1,"s:10:21:10:Infinity":3,"s:11:4:11:Infinity":4,"f:13:10:13:17":2,"s:14:21:14:Infinity":5,"s:15:4:15:Infinity":6,"f:17:10:17:17":3,"s:18:4:18:Infinity":7},"fnNames":{}}}
,"D:\\intern\\employees-vatek\\src\\store\\slices\\authSlice.ts": {"path":"D:\\intern\\employees-vatek\\src\\store\\slices\\authSlice.ts","statementMap":{"0":{"start":{"line":4,"column":19},"end":{"line":4,"column":null}},"1":{"start":{"line":5,"column":33},"end":{"line":5,"column":null}},"2":{"start":{"line":7,"column":32},"end":{"line":12,"column":null}},"3":{"start":{"line":14,"column":18},"end":{"line":31,"column":null}},"4":{"start":{"line":19,"column":6},"end":{"line":19,"column":null}},"5":{"start":{"line":20,"column":6},"end":{"line":20,"column":null}},"6":{"start":{"line":21,"column":6},"end":{"line":21,"column":null}},"7":{"start":{"line":22,"column":6},"end":{"line":22,"column":null}},"8":{"start":{"line":25,"column":6},"end":{"line":25,"column":null}},"9":{"start":{"line":26,"column":6},"end":{"line":26,"column":null}},"10":{"start":{"line":27,"column":6},"end":{"line":27,"column":null}},"11":{"start":{"line":28,"column":6},"end":{"line":28,"column":null}},"12":{"start":{"line":33,"column":35},"end":{"line":33,"column":null}}},"fnMap":{"0":{"name":"(anonymous_0)","decl":{"start":{"line":18,"column":4},"end":{"line":18,"column":14}},"loc":{"start":{"line":18,"column":53},"end":{"line":23,"column":null}},"line":18},"1":{"name":"(anonymous_1)","decl":{"start":{"line":24,"column":4},"end":{"line":24,"column":13}},"loc":{"start":{"line":24,"column":23},"end":{"line":29,"column":null}},"line":24}},"branchMap":{"0":{"loc":{"start":{"line":5,"column":33},"end":{"line":5,"column":null}},"type":"cond-expr","locations":[{"start":{"line":5,"column":46},"end":{"line":5,"column":71}},{"start":{"line":5,"column":71},"end":{"line":5,"column":null}}],"line":5}},"s":{"0":10,"1":10,"2":10,"3":10,"4":4,"5":4,"6":4,"7":4,"8":2,"9":2,"10":2,"11":2,"12":10},"f":{"0":4,"1":2},"b":{"0":[1,9]},"meta":{"lastBranch":1,"lastFunction":2,"lastStatement":13,"seen":{"s:4:19:4:Infinity":0,"s:5:33:5:Infinity":1,"b:5:46:5:71:5:71:5:Infinity":0,"s:7:32:12:Infinity":2,"s:14:18:31:Infinity":3,"f:18:4:18:14":0,"s:19:6:19:Infinity":4,"s:20:6:20:Infinity":5,"s:21:6:21:Infinity":6,"s:22:6:22:Infinity":7,"f:24:4:24:13":1,"s:25:6:25:Infinity":8,"s:26:6:26:Infinity":9,"s:27:6:27:Infinity":10,"s:28:6:28:Infinity":11,"s:33:35:33:Infinity":12},"fnNames":{}}}
,"D:\\intern\\employees-vatek\\src\\store\\slices\\employeeSlice.ts": {"path":"D:\\intern\\employees-vatek\\src\\store\\slices\\employeeSlice.ts","statementMap":{"0":{"start":{"line":4,"column":36},"end":{"line":6,"column":null}},"1":{"start":{"line":8,"column":22},"end":{"line":28,"column":null}},"2":{"start":{"line":13,"column":6},"end":{"line":13,"column":null}},"3":{"start":{"line":16,"column":6},"end":{"line":16,"column":null}},"4":{"start":{"line":19,"column":20},"end":{"line":19,"column":null}},"5":{"start":{"line":19,"column":55},"end":{"line":19,"column":83}},"6":{"start":{"line":20,"column":6},"end":{"line":22,"column":null}},"7":{"start":{"line":21,"column":8},"end":{"line":21,"column":null}},"8":{"start":{"line":25,"column":6},"end":{"line":25,"column":null}},"9":{"start":{"line":25,"column":56},"end":{"line":25,"column":81}},"10":{"start":{"line":35,"column":4},"end":{"line":35,"column":null}}},"fnMap":{"0":{"name":"(anonymous_0)","decl":{"start":{"line":12,"column":4},"end":{"line":12,"column":19}},"loc":{"start":{"line":12,"column":64},"end":{"line":14,"column":null}},"line":12},"1":{"name":"(anonymous_1)","decl":{"start":{"line":15,"column":4},"end":{"line":15,"column":18}},"loc":{"start":{"line":15,"column":61},"end":{"line":17,"column":null}},"line":15},"2":{"name":"(anonymous_2)","decl":{"start":{"line":18,"column":4},"end":{"line":18,"column":21}},"loc":{"start":{"line":18,"column":64},"end":{"line":23,"column":null}},"line":18},"3":{"name":"(anonymous_3)","decl":{"start":{"line":19,"column":36},"end":{"line":19,"column":47}},"loc":{"start":{"line":19,"column":55},"end":{"line":19,"column":83}},"line":19},"4":{"name":"(anonymous_4)","decl":{"start":{"line":24,"column":4},"end":{"line":24,"column":21}},"loc":{"start":{"line":24,"column":62},"end":{"line":26,"column":null}},"line":24},"5":{"name":"(anonymous_5)","decl":{"start":{"line":25,"column":40},"end":{"line":25,"column":48}},"loc":{"start":{"line":25,"column":56},"end":{"line":25,"column":81}},"line":25}},"branchMap":{"0":{"loc":{"start":{"line":20,"column":6},"end":{"line":22,"column":null}},"type":"if","locations":[{"start":{"line":20,"column":6},"end":{"line":22,"column":null}},{"start":{},"end":{}}],"line":20}},"s":{"0":9,"1":9,"2":6,"3":3,"4":4,"5":4,"6":4,"7":3,"8":3,"9":4,"10":9},"f":{"0":6,"1":3,"2":4,"3":4,"4":3,"5":4},"b":{"0":[3,1]},"meta":{"lastBranch":1,"lastFunction":6,"lastStatement":11,"seen":{"s:4:36:6:Infinity":0,"s:8:22:28:Infinity":1,"f:12:4:12:19":0,"s:13:6:13:Infinity":2,"f:15:4:15:18":1,"s:16:6:16:Infinity":3,"f:18:4:18:21":2,"s:19:20:19:Infinity":4,"f:19:36:19:47":3,"s:19:55:19:83":5,"b:20:6:22:Infinity:undefined:undefined:undefined:undefined":0,"s:20:6:22:Infinity":6,"s:21:8:21:Infinity":7,"f:24:4:24:21":4,"s:25:6:25:Infinity":8,"f:25:40:25:48":5,"s:25:56:25:81":9,"s:35:4:35:Infinity":10},"fnNames":{}}}
}
